#
# A fatal error has been detected by the Java Runtime Environment:
#
#  Internal Error (./open/src/hotspot/share/interpreter/oopMapCache.cpp:111), pid=13068, tid=18024
#  Error: ShouldNotReachHere()
#
# JRE version: OpenJDK Runtime Environment (15.0.1+9) (build 15.0.1+9-18)
# Java VM: OpenJDK 64-Bit Server VM (15.0.1+9-18, mixed mode, tiered, compressed oops, g1 gc, windows-amd64)
# No core dump will be written. Minidumps are not enabled by default on client versions of Windows
#
# If you would like to submit a bug report, please visit:
#   https://bugreport.java.com/bugreport/crash.jsp
#

---------------  S U M M A R Y ------------

Command Line: -XX:+ShowCodeDetailsInExceptionMessages -agentlib:jdwp=transport=dt_socket,suspend=y,address=localhost:60793 -javaagent:C:\Users\zhu\eclipse\java-2020-09\eclipse\configuration\org.eclipse.osgi\215\0\.cp\lib\javaagent-shaded.jar -Dfile.encoding=MS950 work.ConsoleDrawing

Host: AMD Ryzen 5 3600X 6-Core Processor             , 12 cores, 15G,  Windows 10 , 64 bit Build 18362 (10.0.18362.1350)
Time: Tue Apr 13 01:07:49 2021 ¢Dx¢D_?D¡PCRE?! elapsed time: 5482.527470 seconds (0d 1h 31m 22s)

---------------  T H R E A D  ---------------

Current thread (0x000001ddffca7da0):  JavaThread "JDWP Transport Listener: dt_socket" daemon [_thread_in_vm, id=18024, stack(0x000000d290d00000,0x000000d290e00000)] _threads_hazard_ptr=0x000001ddffca6a60

Stack: [0x000000d290d00000,0x000000d290e00000]
Native frames: (J=compiled Java code, j=interpreted, Vv=VM code, C=native code)
V  [jvm.dll+0x62ae9a]
V  [jvm.dll+0x781389]
V  [jvm.dll+0x782ae3]
V  [jvm.dll+0x7830f7]
V  [jvm.dll+0x2161cc]
V  [jvm.dll+0x216113]
V  [jvm.dll+0x619caa]
V  [jvm.dll+0x619963]
V  [jvm.dll+0x5df038]
V  [jvm.dll+0x7783ef]
V  [jvm.dll+0x4f04b1]
V  [jvm.dll+0x787e95]
V  [jvm.dll+0x4d4120]
V  [jvm.dll+0x4958fb]
C  [jdwp.dll+0x8221]


---------------  P R O C E S S  ---------------

Threads class SMR info:
_java_thread_list=0x000001ddffca6a60, length=14, elements={
0x000001ddf35c5230, 0x000001ddff9ef120, 0x000001ddff9efae0, 0x000001ddffa2e6b0,
0x000001ddffa2ef70, 0x000001ddffa4d940, 0x000001ddffa4ecd0, 0x000001ddffa55280,
0x000001ddffa637a0, 0x000001ddffaedac0, 0x000001ddffca7da0, 0x000001ddffd349d0,
0x000001ddffd350b0, 0x000001dd93bd2dc0
}

Java Threads: ( => current thread )
  0x000001ddf35c5230 JavaThread "main" [_thread_blocked, id=24096, stack(0x000000d28fc00000,0x000000d28fd00000)]
  0x000001ddff9ef120 JavaThread "Reference Handler" daemon [_thread_blocked, id=12636, stack(0x000000d290300000,0x000000d290400000)]
  0x000001ddff9efae0 JavaThread "Finalizer" daemon [_thread_blocked, id=26476, stack(0x000000d290400000,0x000000d290500000)]
  0x000001ddffa2e6b0 JavaThread "Signal Dispatcher" daemon [_thread_blocked, id=26008, stack(0x000000d290500000,0x000000d290600000)]
  0x000001ddffa2ef70 JavaThread "Attach Listener" daemon [_thread_blocked, id=10920, stack(0x000000d290600000,0x000000d290700000)]
  0x000001ddffa4d940 JavaThread "Service Thread" daemon [_thread_blocked, id=1788, stack(0x000000d290700000,0x000000d290800000)]
  0x000001ddffa4ecd0 JavaThread "C2 CompilerThread0" daemon [_thread_blocked, id=8480, stack(0x000000d290800000,0x000000d290900000)]
  0x000001ddffa55280 JavaThread "C1 CompilerThread0" daemon [_thread_blocked, id=2364, stack(0x000000d290900000,0x000000d290a00000)]
  0x000001ddffa637a0 JavaThread "Sweeper thread" daemon [_thread_blocked, id=23236, stack(0x000000d290a00000,0x000000d290b00000)]
  0x000001ddffaedac0 JavaThread "Common-Cleaner" daemon [_thread_blocked, id=22708, stack(0x000000d290b00000,0x000000d290c00000)]
=>0x000001ddffca7da0 JavaThread "JDWP Transport Listener: dt_socket" daemon [_thread_in_vm, id=18024, stack(0x000000d290d00000,0x000000d290e00000)] _threads_hazard_ptr=0x000001ddffca6a60
  0x000001ddffd349d0 JavaThread "JDWP Event Helper Thread" daemon [_thread_blocked, id=10348, stack(0x000000d290e00000,0x000000d290f00000)]
  0x000001ddffd350b0 JavaThread "JDWP Command Reader" daemon [_thread_in_native, id=19536, stack(0x000000d290f00000,0x000000d291000000)]
  0x000001dd93bd2dc0 JavaThread "Notification Thread" daemon [_thread_blocked, id=16416, stack(0x000000d291000000,0x000000d291100000)]

Other Threads:
  0x000001ddff9d91d0 VMThread "VM Thread" [stack: 0x000000d290200000,0x000000d290300000] [id=1976]
  0x000001ddffd7c2c0 WatcherThread [stack: 0x000000d291100000,0x000000d291200000] [id=12840]
  0x000001ddf3616e70 GCTaskThread "GC Thread#0" [stack: 0x000000d28fd00000,0x000000d28fe00000] [id=11908]
  0x000001ddf3629640 ConcurrentGCThread "G1 Main Marker" [stack: 0x000000d28fe00000,0x000000d28ff00000] [id=14808]
  0x000001ddf362a750 ConcurrentGCThread "G1 Conc#0" [stack: 0x000000d28ff00000,0x000000d290000000] [id=10780]
  0x000001ddff8040e0 ConcurrentGCThread "G1 Refine#0" [stack: 0x000000d290000000,0x000000d290100000] [id=6464]
  0x000001ddff804930 ConcurrentGCThread "G1 Young RemSet Sampling" [stack: 0x000000d290100000,0x000000d290200000] [id=20288]

Threads with active compile tasks:

VM state: not at safepoint (normal execution)

VM Mutex/Monitor currently owned by a thread: None

Heap address: 0x0000000701400000, size: 4076 MB, Compressed Oops mode: Zero based, Oop shift amount: 3
CDS disabled.
Compressed class space mapped at: 0x0000000800000000-0x0000000840000000, size: 1073741824
Narrow klass base: 0x0000000800000000, Narrow klass shift: 0, Narrow klass range: 0x40000000

GC Precious Log:
 CPUs: 12 total, 12 available
 Memory: 16299M
 Large Page Support: Disabled
 NUMA Support: Disabled
 Compressed Oops: Enabled (Zero based)
 Heap Region Size: 2M
 Heap Min Capacity: 8M
 Heap Initial Capacity: 256M
 Heap Max Capacity: 4076M
 Pre-touch: Disabled
 Parallel Workers: 10
 Concurrent Workers: 3
 Concurrent Refinement Workers: 10
 Periodic GC: Disabled

Heap:
 garbage-first heap   total 262144K, used 6144K [0x0000000701400000, 0x0000000800000000)
  region size 2048K, 4 young (8192K), 0 survivors (0K)
 Metaspace       used 10266K, capacity 10440K, committed 10752K, reserved 1058816K
  class space    used 883K, capacity 919K, committed 1024K, reserved 1048576K

Heap Regions: E=young(eden), S=young(survivor), O=old, HS=humongous(starts), HC=humongous(continues), CS=collection set, F=free, OA=open archive, CA=closed archive, TAMS=top-at-mark-start (previous, next)
|   0|0x0000000701400000, 0x0000000701400000, 0x0000000701600000|  0%| F|  |TAMS 0x0000000701400000, 0x0000000701400000| Untracked 
|   1|0x0000000701600000, 0x0000000701600000, 0x0000000701800000|  0%| F|  |TAMS 0x0000000701600000, 0x0000000701600000| Untracked 
|   2|0x0000000701800000, 0x0000000701800000, 0x0000000701a00000|  0%| F|  |TAMS 0x0000000701800000, 0x0000000701800000| Untracked 
|   3|0x0000000701a00000, 0x0000000701a00000, 0x0000000701c00000|  0%| F|  |TAMS 0x0000000701a00000, 0x0000000701a00000| Untracked 
|   4|0x0000000701c00000, 0x0000000701c00000, 0x0000000701e00000|  0%| F|  |TAMS 0x0000000701c00000, 0x0000000701c00000| Untracked 
|   5|0x0000000701e00000, 0x0000000701e00000, 0x0000000702000000|  0%| F|  |TAMS 0x0000000701e00000, 0x0000000701e00000| Untracked 
|   6|0x0000000702000000, 0x0000000702000000, 0x0000000702200000|  0%| F|  |TAMS 0x0000000702000000, 0x0000000702000000| Untracked 
|   7|0x0000000702200000, 0x0000000702200000, 0x0000000702400000|  0%| F|  |TAMS 0x0000000702200000, 0x0000000702200000| Untracked 
|   8|0x0000000702400000, 0x0000000702400000, 0x0000000702600000|  0%| F|  |TAMS 0x0000000702400000, 0x0000000702400000| Untracked 
|   9|0x0000000702600000, 0x0000000702600000, 0x0000000702800000|  0%| F|  |TAMS 0x0000000702600000, 0x0000000702600000| Untracked 
|  10|0x0000000702800000, 0x0000000702800000, 0x0000000702a00000|  0%| F|  |TAMS 0x0000000702800000, 0x0000000702800000| Untracked 
|  11|0x0000000702a00000, 0x0000000702a00000, 0x0000000702c00000|  0%| F|  |TAMS 0x0000000702a00000, 0x0000000702a00000| Untracked 
|  12|0x0000000702c00000, 0x0000000702c00000, 0x0000000702e00000|  0%| F|  |TAMS 0x0000000702c00000, 0x0000000702c00000| Untracked 
|  13|0x0000000702e00000, 0x0000000702e00000, 0x0000000703000000|  0%| F|  |TAMS 0x0000000702e00000, 0x0000000702e00000| Untracked 
|  14|0x0000000703000000, 0x0000000703000000, 0x0000000703200000|  0%| F|  |TAMS 0x0000000703000000, 0x0000000703000000| Untracked 
|  15|0x0000000703200000, 0x0000000703200000, 0x0000000703400000|  0%| F|  |TAMS 0x0000000703200000, 0x0000000703200000| Untracked 
|  16|0x0000000703400000, 0x0000000703400000, 0x0000000703600000|  0%| F|  |TAMS 0x0000000703400000, 0x0000000703400000| Untracked 
|  17|0x0000000703600000, 0x0000000703600000, 0x0000000703800000|  0%| F|  |TAMS 0x0000000703600000, 0x0000000703600000| Untracked 
|  18|0x0000000703800000, 0x0000000703800000, 0x0000000703a00000|  0%| F|  |TAMS 0x0000000703800000, 0x0000000703800000| Untracked 
|  19|0x0000000703a00000, 0x0000000703a00000, 0x0000000703c00000|  0%| F|  |TAMS 0x0000000703a00000, 0x0000000703a00000| Untracked 
|  20|0x0000000703c00000, 0x0000000703c00000, 0x0000000703e00000|  0%| F|  |TAMS 0x0000000703c00000, 0x0000000703c00000| Untracked 
|  21|0x0000000703e00000, 0x0000000703e00000, 0x0000000704000000|  0%| F|  |TAMS 0x0000000703e00000, 0x0000000703e00000| Untracked 
|  22|0x0000000704000000, 0x0000000704000000, 0x0000000704200000|  0%| F|  |TAMS 0x0000000704000000, 0x0000000704000000| Untracked 
|  23|0x0000000704200000, 0x0000000704200000, 0x0000000704400000|  0%| F|  |TAMS 0x0000000704200000, 0x0000000704200000| Untracked 
|  24|0x0000000704400000, 0x0000000704400000, 0x0000000704600000|  0%| F|  |TAMS 0x0000000704400000, 0x0000000704400000| Untracked 
|  25|0x0000000704600000, 0x0000000704600000, 0x0000000704800000|  0%| F|  |TAMS 0x0000000704600000, 0x0000000704600000| Untracked 
|  26|0x0000000704800000, 0x0000000704800000, 0x0000000704a00000|  0%| F|  |TAMS 0x0000000704800000, 0x0000000704800000| Untracked 
|  27|0x0000000704a00000, 0x0000000704a00000, 0x0000000704c00000|  0%| F|  |TAMS 0x0000000704a00000, 0x0000000704a00000| Untracked 
|  28|0x0000000704c00000, 0x0000000704c00000, 0x0000000704e00000|  0%| F|  |TAMS 0x0000000704c00000, 0x0000000704c00000| Untracked 
|  29|0x0000000704e00000, 0x0000000704e00000, 0x0000000705000000|  0%| F|  |TAMS 0x0000000704e00000, 0x0000000704e00000| Untracked 
|  30|0x0000000705000000, 0x0000000705000000, 0x0000000705200000|  0%| F|  |TAMS 0x0000000705000000, 0x0000000705000000| Untracked 
|  31|0x0000000705200000, 0x0000000705200000, 0x0000000705400000|  0%| F|  |TAMS 0x0000000705200000, 0x0000000705200000| Untracked 
|  32|0x0000000705400000, 0x0000000705400000, 0x0000000705600000|  0%| F|  |TAMS 0x0000000705400000, 0x0000000705400000| Untracked 
|  33|0x0000000705600000, 0x0000000705600000, 0x0000000705800000|  0%| F|  |TAMS 0x0000000705600000, 0x0000000705600000| Untracked 
|  34|0x0000000705800000, 0x0000000705800000, 0x0000000705a00000|  0%| F|  |TAMS 0x0000000705800000, 0x0000000705800000| Untracked 
|  35|0x0000000705a00000, 0x0000000705a00000, 0x0000000705c00000|  0%| F|  |TAMS 0x0000000705a00000, 0x0000000705a00000| Untracked 
|  36|0x0000000705c00000, 0x0000000705c00000, 0x0000000705e00000|  0%| F|  |TAMS 0x0000000705c00000, 0x0000000705c00000| Untracked 
|  37|0x0000000705e00000, 0x0000000705e00000, 0x0000000706000000|  0%| F|  |TAMS 0x0000000705e00000, 0x0000000705e00000| Untracked 
|  38|0x0000000706000000, 0x0000000706000000, 0x0000000706200000|  0%| F|  |TAMS 0x0000000706000000, 0x0000000706000000| Untracked 
|  39|0x0000000706200000, 0x0000000706200000, 0x0000000706400000|  0%| F|  |TAMS 0x0000000706200000, 0x0000000706200000| Untracked 
|  40|0x0000000706400000, 0x0000000706400000, 0x0000000706600000|  0%| F|  |TAMS 0x0000000706400000, 0x0000000706400000| Untracked 
|  41|0x0000000706600000, 0x0000000706600000, 0x0000000706800000|  0%| F|  |TAMS 0x0000000706600000, 0x0000000706600000| Untracked 
|  42|0x0000000706800000, 0x0000000706800000, 0x0000000706a00000|  0%| F|  |TAMS 0x0000000706800000, 0x0000000706800000| Untracked 
|  43|0x0000000706a00000, 0x0000000706a00000, 0x0000000706c00000|  0%| F|  |TAMS 0x0000000706a00000, 0x0000000706a00000| Untracked 
|  44|0x0000000706c00000, 0x0000000706c00000, 0x0000000706e00000|  0%| F|  |TAMS 0x0000000706c00000, 0x0000000706c00000| Untracked 
|  45|0x0000000706e00000, 0x0000000706e00000, 0x0000000707000000|  0%| F|  |TAMS 0x0000000706e00000, 0x0000000706e00000| Untracked 
|  46|0x0000000707000000, 0x0000000707000000, 0x0000000707200000|  0%| F|  |TAMS 0x0000000707000000, 0x0000000707000000| Untracked 
|  47|0x0000000707200000, 0x0000000707200000, 0x0000000707400000|  0%| F|  |TAMS 0x0000000707200000, 0x0000000707200000| Untracked 
|  48|0x0000000707400000, 0x0000000707400000, 0x0000000707600000|  0%| F|  |TAMS 0x0000000707400000, 0x0000000707400000| Untracked 
|  49|0x0000000707600000, 0x0000000707600000, 0x0000000707800000|  0%| F|  |TAMS 0x0000000707600000, 0x0000000707600000| Untracked 
|  50|0x0000000707800000, 0x0000000707800000, 0x0000000707a00000|  0%| F|  |TAMS 0x0000000707800000, 0x0000000707800000| Untracked 
|  51|0x0000000707a00000, 0x0000000707a00000, 0x0000000707c00000|  0%| F|  |TAMS 0x0000000707a00000, 0x0000000707a00000| Untracked 
|  52|0x0000000707c00000, 0x0000000707c00000, 0x0000000707e00000|  0%| F|  |TAMS 0x0000000707c00000, 0x0000000707c00000| Untracked 
|  53|0x0000000707e00000, 0x0000000707e00000, 0x0000000708000000|  0%| F|  |TAMS 0x0000000707e00000, 0x0000000707e00000| Untracked 
|  54|0x0000000708000000, 0x0000000708000000, 0x0000000708200000|  0%| F|  |TAMS 0x0000000708000000, 0x0000000708000000| Untracked 
|  55|0x0000000708200000, 0x0000000708200000, 0x0000000708400000|  0%| F|  |TAMS 0x0000000708200000, 0x0000000708200000| Untracked 
|  56|0x0000000708400000, 0x0000000708400000, 0x0000000708600000|  0%| F|  |TAMS 0x0000000708400000, 0x0000000708400000| Untracked 
|  57|0x0000000708600000, 0x0000000708600000, 0x0000000708800000|  0%| F|  |TAMS 0x0000000708600000, 0x0000000708600000| Untracked 
|  58|0x0000000708800000, 0x0000000708800000, 0x0000000708a00000|  0%| F|  |TAMS 0x0000000708800000, 0x0000000708800000| Untracked 
|  59|0x0000000708a00000, 0x0000000708a00000, 0x0000000708c00000|  0%| F|  |TAMS 0x0000000708a00000, 0x0000000708a00000| Untracked 
|  60|0x0000000708c00000, 0x0000000708c00000, 0x0000000708e00000|  0%| F|  |TAMS 0x0000000708c00000, 0x0000000708c00000| Untracked 
|  61|0x0000000708e00000, 0x0000000708e00000, 0x0000000709000000|  0%| F|  |TAMS 0x0000000708e00000, 0x0000000708e00000| Untracked 
|  62|0x0000000709000000, 0x0000000709000000, 0x0000000709200000|  0%| F|  |TAMS 0x0000000709000000, 0x0000000709000000| Untracked 
|  63|0x0000000709200000, 0x0000000709200000, 0x0000000709400000|  0%| F|  |TAMS 0x0000000709200000, 0x0000000709200000| Untracked 
|  64|0x0000000709400000, 0x0000000709400000, 0x0000000709600000|  0%| F|  |TAMS 0x0000000709400000, 0x0000000709400000| Untracked 
|  65|0x0000000709600000, 0x0000000709600000, 0x0000000709800000|  0%| F|  |TAMS 0x0000000709600000, 0x0000000709600000| Untracked 
|  66|0x0000000709800000, 0x0000000709800000, 0x0000000709a00000|  0%| F|  |TAMS 0x0000000709800000, 0x0000000709800000| Untracked 
|  67|0x0000000709a00000, 0x0000000709a00000, 0x0000000709c00000|  0%| F|  |TAMS 0x0000000709a00000, 0x0000000709a00000| Untracked 
|  68|0x0000000709c00000, 0x0000000709c00000, 0x0000000709e00000|  0%| F|  |TAMS 0x0000000709c00000, 0x0000000709c00000| Untracked 
|  69|0x0000000709e00000, 0x0000000709e00000, 0x000000070a000000|  0%| F|  |TAMS 0x0000000709e00000, 0x0000000709e00000| Untracked 
|  70|0x000000070a000000, 0x000000070a000000, 0x000000070a200000|  0%| F|  |TAMS 0x000000070a000000, 0x000000070a000000| Untracked 
|  71|0x000000070a200000, 0x000000070a200000, 0x000000070a400000|  0%| F|  |TAMS 0x000000070a200000, 0x000000070a200000| Untracked 
|  72|0x000000070a400000, 0x000000070a400000, 0x000000070a600000|  0%| F|  |TAMS 0x000000070a400000, 0x000000070a400000| Untracked 
|  73|0x000000070a600000, 0x000000070a600000, 0x000000070a800000|  0%| F|  |TAMS 0x000000070a600000, 0x000000070a600000| Untracked 
|  74|0x000000070a800000, 0x000000070a800000, 0x000000070aa00000|  0%| F|  |TAMS 0x000000070a800000, 0x000000070a800000| Untracked 
|  75|0x000000070aa00000, 0x000000070aa00000, 0x000000070ac00000|  0%| F|  |TAMS 0x000000070aa00000, 0x000000070aa00000| Untracked 
|  76|0x000000070ac00000, 0x000000070ac00000, 0x000000070ae00000|  0%| F|  |TAMS 0x000000070ac00000, 0x000000070ac00000| Untracked 
|  77|0x000000070ae00000, 0x000000070ae00000, 0x000000070b000000|  0%| F|  |TAMS 0x000000070ae00000, 0x000000070ae00000| Untracked 
|  78|0x000000070b000000, 0x000000070b000000, 0x000000070b200000|  0%| F|  |TAMS 0x000000070b000000, 0x000000070b000000| Untracked 
|  79|0x000000070b200000, 0x000000070b200000, 0x000000070b400000|  0%| F|  |TAMS 0x000000070b200000, 0x000000070b200000| Untracked 
|  80|0x000000070b400000, 0x000000070b400000, 0x000000070b600000|  0%| F|  |TAMS 0x000000070b400000, 0x000000070b400000| Untracked 
|  81|0x000000070b600000, 0x000000070b600000, 0x000000070b800000|  0%| F|  |TAMS 0x000000070b600000, 0x000000070b600000| Untracked 
|  82|0x000000070b800000, 0x000000070b800000, 0x000000070ba00000|  0%| F|  |TAMS 0x000000070b800000, 0x000000070b800000| Untracked 
|  83|0x000000070ba00000, 0x000000070ba00000, 0x000000070bc00000|  0%| F|  |TAMS 0x000000070ba00000, 0x000000070ba00000| Untracked 
|  84|0x000000070bc00000, 0x000000070bc00000, 0x000000070be00000|  0%| F|  |TAMS 0x000000070bc00000, 0x000000070bc00000| Untracked 
|  85|0x000000070be00000, 0x000000070be00000, 0x000000070c000000|  0%| F|  |TAMS 0x000000070be00000, 0x000000070be00000| Untracked 
|  86|0x000000070c000000, 0x000000070c000000, 0x000000070c200000|  0%| F|  |TAMS 0x000000070c000000, 0x000000070c000000| Untracked 
|  87|0x000000070c200000, 0x000000070c200000, 0x000000070c400000|  0%| F|  |TAMS 0x000000070c200000, 0x000000070c200000| Untracked 
|  88|0x000000070c400000, 0x000000070c400000, 0x000000070c600000|  0%| F|  |TAMS 0x000000070c400000, 0x000000070c400000| Untracked 
|  89|0x000000070c600000, 0x000000070c600000, 0x000000070c800000|  0%| F|  |TAMS 0x000000070c600000, 0x000000070c600000| Untracked 
|  90|0x000000070c800000, 0x000000070c800000, 0x000000070ca00000|  0%| F|  |TAMS 0x000000070c800000, 0x000000070c800000| Untracked 
|  91|0x000000070ca00000, 0x000000070ca00000, 0x000000070cc00000|  0%| F|  |TAMS 0x000000070ca00000, 0x000000070ca00000| Untracked 
|  92|0x000000070cc00000, 0x000000070cc00000, 0x000000070ce00000|  0%| F|  |TAMS 0x000000070cc00000, 0x000000070cc00000| Untracked 
|  93|0x000000070ce00000, 0x000000070ce00000, 0x000000070d000000|  0%| F|  |TAMS 0x000000070ce00000, 0x000000070ce00000| Untracked 
|  94|0x000000070d000000, 0x000000070d000000, 0x000000070d200000|  0%| F|  |TAMS 0x000000070d000000, 0x000000070d000000| Untracked 
|  95|0x000000070d200000, 0x000000070d200000, 0x000000070d400000|  0%| F|  |TAMS 0x000000070d200000, 0x000000070d200000| Untracked 
|  96|0x000000070d400000, 0x000000070d400000, 0x000000070d600000|  0%| F|  |TAMS 0x000000070d400000, 0x000000070d400000| Untracked 
|  97|0x000000070d600000, 0x000000070d600000, 0x000000070d800000|  0%| F|  |TAMS 0x000000070d600000, 0x000000070d600000| Untracked 
|  98|0x000000070d800000, 0x000000070d800000, 0x000000070da00000|  0%| F|  |TAMS 0x000000070d800000, 0x000000070d800000| Untracked 
|  99|0x000000070da00000, 0x000000070da00000, 0x000000070dc00000|  0%| F|  |TAMS 0x000000070da00000, 0x000000070da00000| Untracked 
| 100|0x000000070dc00000, 0x000000070dc00000, 0x000000070de00000|  0%| F|  |TAMS 0x000000070dc00000, 0x000000070dc00000| Untracked 
| 101|0x000000070de00000, 0x000000070de00000, 0x000000070e000000|  0%| F|  |TAMS 0x000000070de00000, 0x000000070de00000| Untracked 
| 102|0x000000070e000000, 0x000000070e000000, 0x000000070e200000|  0%| F|  |TAMS 0x000000070e000000, 0x000000070e000000| Untracked 
| 103|0x000000070e200000, 0x000000070e200000, 0x000000070e400000|  0%| F|  |TAMS 0x000000070e200000, 0x000000070e200000| Untracked 
| 104|0x000000070e400000, 0x000000070e400000, 0x000000070e600000|  0%| F|  |TAMS 0x000000070e400000, 0x000000070e400000| Untracked 
| 105|0x000000070e600000, 0x000000070e600000, 0x000000070e800000|  0%| F|  |TAMS 0x000000070e600000, 0x000000070e600000| Untracked 
| 106|0x000000070e800000, 0x000000070e800000, 0x000000070ea00000|  0%| F|  |TAMS 0x000000070e800000, 0x000000070e800000| Untracked 
| 107|0x000000070ea00000, 0x000000070ea00000, 0x000000070ec00000|  0%| F|  |TAMS 0x000000070ea00000, 0x000000070ea00000| Untracked 
| 108|0x000000070ec00000, 0x000000070ec00000, 0x000000070ee00000|  0%| F|  |TAMS 0x000000070ec00000, 0x000000070ec00000| Untracked 
| 109|0x000000070ee00000, 0x000000070ee00000, 0x000000070f000000|  0%| F|  |TAMS 0x000000070ee00000, 0x000000070ee00000| Untracked 
| 110|0x000000070f000000, 0x000000070f000000, 0x000000070f200000|  0%| F|  |TAMS 0x000000070f000000, 0x000000070f000000| Untracked 
| 111|0x000000070f200000, 0x000000070f200000, 0x000000070f400000|  0%| F|  |TAMS 0x000000070f200000, 0x000000070f200000| Untracked 
| 112|0x000000070f400000, 0x000000070f400000, 0x000000070f600000|  0%| F|  |TAMS 0x000000070f400000, 0x000000070f400000| Untracked 
| 113|0x000000070f600000, 0x000000070f600000, 0x000000070f800000|  0%| F|  |TAMS 0x000000070f600000, 0x000000070f600000| Untracked 
| 114|0x000000070f800000, 0x000000070f800000, 0x000000070fa00000|  0%| F|  |TAMS 0x000000070f800000, 0x000000070f800000| Untracked 
| 115|0x000000070fa00000, 0x000000070fa00000, 0x000000070fc00000|  0%| F|  |TAMS 0x000000070fa00000, 0x000000070fa00000| Untracked 
| 116|0x000000070fc00000, 0x000000070fc00000, 0x000000070fe00000|  0%| F|  |TAMS 0x000000070fc00000, 0x000000070fc00000| Untracked 
| 117|0x000000070fe00000, 0x000000070fe00000, 0x0000000710000000|  0%| F|  |TAMS 0x000000070fe00000, 0x000000070fe00000| Untracked 
| 118|0x0000000710000000, 0x0000000710000000, 0x0000000710200000|  0%| F|  |TAMS 0x0000000710000000, 0x0000000710000000| Untracked 
| 119|0x0000000710200000, 0x0000000710200000, 0x0000000710400000|  0%| F|  |TAMS 0x0000000710200000, 0x0000000710200000| Untracked 
| 120|0x0000000710400000, 0x0000000710400000, 0x0000000710600000|  0%| F|  |TAMS 0x0000000710400000, 0x0000000710400000| Untracked 
| 121|0x0000000710600000, 0x0000000710600000, 0x0000000710800000|  0%| F|  |TAMS 0x0000000710600000, 0x0000000710600000| Untracked 
| 122|0x0000000710800000, 0x0000000710800000, 0x0000000710a00000|  0%| F|  |TAMS 0x0000000710800000, 0x0000000710800000| Untracked 
| 123|0x0000000710a00000, 0x0000000710a00000, 0x0000000710c00000|  0%| F|  |TAMS 0x0000000710a00000, 0x0000000710a00000| Untracked 
| 124|0x0000000710c00000, 0x0000000710d5f3f8, 0x0000000710e00000| 68%| E|  |TAMS 0x0000000710c00000, 0x0000000710c00000| Complete 
| 125|0x0000000710e00000, 0x0000000711000000, 0x0000000711000000|100%| E|CS|TAMS 0x0000000710e00000, 0x0000000710e00000| Complete 
| 126|0x0000000711000000, 0x0000000711200000, 0x0000000711200000|100%| E|CS|TAMS 0x0000000711000000, 0x0000000711000000| Complete 
| 127|0x0000000711200000, 0x0000000711400000, 0x0000000711400000|100%| E|CS|TAMS 0x0000000711200000, 0x0000000711200000| Complete 

Card table byte_map: [0x000001ddf7d30000,0x000001ddf8530000] _byte_map_base: 0x000001ddf4526000

Marking Bits (Prev, Next): (CMBitMap*) 0x000001ddf36175f0, (CMBitMap*) 0x000001ddf3617630
 Prev Bits: [0x000001ddf8d30000, 0x000001ddfcce0000)
 Next Bits: [0x000001dd8f000000, 0x000001dd92fb0000)

Polling page: 0x000001ddf1580000

Metaspace:

Usage:
  Non-class:      9.30 MB capacity,     9.16 MB ( 99%) used,   130.67 KB (  1%) free+waste,     6.50 KB ( <1%) overhead. 
      Class:    919.00 KB capacity,   883.09 KB ( 96%) used,    33.97 KB (  4%) free+waste,     1.94 KB ( <1%) overhead. 
       Both:     10.20 MB capacity,    10.03 MB ( 98%) used,   164.64 KB (  2%) free+waste,     8.44 KB ( <1%) overhead. 

Virtual space:
  Non-class space:       10.00 MB reserved,       9.50 MB ( 95%) committed 
      Class space:        1.00 GB reserved,       1.00 MB ( <1%) committed 
             Both:        1.01 GB reserved,      10.50 MB (  1%) committed 

Chunk freelists:
   Non-Class:  15.00 KB
       Class:  9.00 KB
        Both:  24.00 KB

MaxMetaspaceSize: 17179869184.00 GB
CompressedClassSpaceSize: 1.00 GB

CodeHeap 'non-profiled nmethods': size=120000Kb used=153Kb max_used=153Kb free=119846Kb
 bounds [0x000001dd87ad0000, 0x000001dd87d40000, 0x000001dd8f000000]
CodeHeap 'profiled nmethods': size=120000Kb used=673Kb max_used=673Kb free=119326Kb
 bounds [0x000001dd805a0000, 0x000001dd80810000, 0x000001dd87ad0000]
CodeHeap 'non-nmethods': size=5760Kb used=1236Kb max_used=1251Kb free=4523Kb
 bounds [0x000001dd80000000, 0x000001dd80270000, 0x000001dd805a0000]
 total_blobs=902 nmethods=500 adapters=315
 compilation: enabled
              stopped_count=0, restarted_count=0
 full_count=0

Compilation events (20 events):
Event: 1.779 Thread 0x000001ddffa55280  494       3       java.lang.CharacterData::of (124 bytes)
Event: 1.779 Thread 0x000001ddffa55280 nmethod 494 0x000001dd80646f90 code [0x000001dd80647180, 0x000001dd80647958]
Event: 1.779 Thread 0x000001ddffa55280  495       3       sun.nio.cs.DoubleByte$Encoder::encodeChar (21 bytes)
Event: 1.779 Thread 0x000001ddffa55280 nmethod 495 0x000001dd80647b90 code [0x000001dd80647d20, 0x000001dd80647e98]
Event: 3.024 Thread 0x000001ddffa4ecd0  496       4       java.nio.Buffer::checkSegment (17 bytes)
Event: 3.024 Thread 0x000001ddffa4ecd0 nmethod 496 0x000001dd87af5490 code [0x000001dd87af5600, 0x000001dd87af5678]
Event: 4.734 Thread 0x000001ddffa4ecd0  497       4       java.lang.AbstractStringBuilder::ensureCapacityInternal (39 bytes)
Event: 4.734 Thread 0x000001ddffa55280  498       3       java.nio.Buffer::position (55 bytes)
Event: 4.735 Thread 0x000001ddffa55280 nmethod 498 0x000001dd80647f90 code [0x000001dd80648140, 0x000001dd806483e8]
Event: 4.736 Thread 0x000001ddffa4ecd0 nmethod 497 0x000001dd87af5790 code [0x000001dd87af5920, 0x000001dd87af5d38]
Event: 463.627 Thread 0x000001ddffa55280  499       1       sun.instrument.TransformerManager::getSnapshotTransformerList (5 bytes)
Event: 463.627 Thread 0x000001ddffa55280 nmethod 499 0x000001dd87af5f10 code [0x000001dd87af60a0, 0x000001dd87af6158]
Event: 463.627 Thread 0x000001ddffa4ecd0  500       4       org.eclipse.jdt.launching.internal.org.objectweb.asm.ClassReader::getItem (7 bytes)
Event: 463.629 Thread 0x000001ddffa4ecd0 

Event: 5457.885 Thread 0x000001ddffa55280  501       1       sun.instrument.TransformerManager$TransformerInfo::transformer (5 bytes)
Event: 5457.885 Thread 0x000001ddffa55280 nmethod 501 0x000001dd87af6210 code [0x000001dd87af63a0, 0x000001dd87af6458]
Event: 5472.160 Thread 0x000001ddffa4ecd0  502       4       java.lang.StringUTF16::compress (50 bytes)
Event: 5472.160 Thread 0x000001ddffa55280  503       3       org.eclipse.jdt.launching.internal.org.objectweb.asm.ByteVector::putShort (52 bytes)
Event: 5472.162 Thread 0x000001ddffa55280 

Event: 5472.166 Thread 0x000001ddffa4ecd0 


GC Heap History (0 events):
No events

Deoptimization events (18 events):
Event: 0.241 Thread 0x000001ddf35c5230 Uncommon trap: trap_request=0xffffff45 fr.pc=0x000001dd87addfec relative=0x0000000000000b8c
Event: 0.241 Thread 0x000001ddf35c5230 Uncommon trap: reason=unstable_if action=reinterpret pc=0x000001dd87addfec method=java.util.HashMap.putVal(ILjava/lang/Object;Ljava/lang/Object;ZZ)Ljava/lang/Object; @ 181 c2
Event: 0.241 Thread 0x000001ddf35c5230 DEOPT PACKING pc=0x000001dd87addfec sp=0x000000d28fcfe410
Event: 0.241 Thread 0x000001ddf35c5230 DEOPT UNPACKING pc=0x000001dd8004e42f sp=0x000000d28fcfe3d0 mode 2
Event: 0.319 Thread 0x000001ddf35c5230 DEOPT PACKING pc=0x000001dd806131b8 sp=0x000000d28fcf7df0
Event: 0.319 Thread 0x000001ddf35c5230 DEOPT UNPACKING pc=0x000001dd8004e23f sp=0x000000d28fcf72b8 mode 0
Event: 0.319 Thread 0x000001ddf35c5230 DEOPT PACKING pc=0x000001dd806131b8 sp=0x000000d28fcf7df0
Event: 0.319 Thread 0x000001ddf35c5230 DEOPT UNPACKING pc=0x000001dd8004e23f sp=0x000000d28fcf72b8 mode 0
Event: 0.319 Thread 0x000001ddf35c5230 DEOPT PACKING pc=0x000001dd806131b8 sp=0x000000d28fcf7df0
Event: 0.319 Thread 0x000001ddf35c5230 DEOPT UNPACKING pc=0x000001dd8004e23f sp=0x000000d28fcf72b8 mode 0
Event: 0.340 Thread 0x000001ddf35c5230 Uncommon trap: trap_request=0xffffff45 fr.pc=0x000001dd87ad96f4 relative=0x0000000000000254
Event: 0.340 Thread 0x000001ddf35c5230 Uncommon trap: reason=unstable_if action=reinterpret pc=0x000001dd87ad96f4 method=java.lang.String.hashCode()I @ 20 c2
Event: 0.340 Thread 0x000001ddf35c5230 DEOPT PACKING pc=0x000001dd87ad96f4 sp=0x000000d28fcfcb50
Event: 0.340 Thread 0x000001ddf35c5230 DEOPT UNPACKING pc=0x000001dd8004e42f sp=0x000000d28fcfcae8 mode 2
Event: 0.345 Thread 0x000001ddf35c5230 Uncommon trap: trap_request=0xffffff45 fr.pc=0x000001dd87ae3bc4 relative=0x0000000000000044
Event: 0.345 Thread 0x000001ddf35c5230 Uncommon trap: reason=unstable_if action=reinterpret pc=0x000001dd87ae3bc4 method=java.lang.CharacterData.of(I)Ljava/lang/CharacterData; @ 4 c2
Event: 0.345 Thread 0x000001ddf35c5230 DEOPT PACKING pc=0x000001dd87ae3bc4 sp=0x000000d28fcfeaa0
Event: 0.345 Thread 0x000001ddf35c5230 DEOPT UNPACKING pc=0x000001dd8004e42f sp=0x000000d28fcfea40 mode 2

Classes unloaded (0 events):
No events

Classes redefined (3 events):
Event: 463.627 Thread 0x000001ddff9d91d0 redefined class name=work.ConsoleDrawing, count=1
Event: 5457.888 Thread 0x000001ddff9d91d0 redefined class name=work.ConsoleDrawing, count=2
Event: 5472.160 Thread 0x000001ddff9d91d0 redefined class name=work.ConsoleDrawing, count=3

Internal exceptions (5 events):
Event: 0.238 Thread 0x000001ddf35c5230 Exception <a 'java/lang/NoSuchMethodError'{0x00000007110417a8}: 'void java.lang.invoke.DirectMethodHandle$Holder.invokeStatic(java.lang.Object, java.lang.Object)'> (0x00000007110417a8) 
thrown [./open/src/hotspot/share/interpreter/linkResolver.cpp, line 782]
Event: 0.238 Thread 0x000001ddf35c5230 Exception <a 'java/lang/NoSuchMethodError'{0x0000000711045450}: 'void java.lang.invoke.DirectMethodHandle$Holder.invokeStaticInit(java.lang.Object, java.lang.Object)'> (0x0000000711045450) 
thrown [./open/src/hotspot/share/interpreter/linkResolver.cpp, line 782]
Event: 0.297 Thread 0x000001ddf35c5230 Exception <a 'java/lang/NoSuchMethodError'{0x0000000710e274c0}: 'java.lang.Object java.lang.invoke.DirectMethodHandle$Holder.invokeStatic(java.lang.Object)'> (0x0000000710e274c0) 
thrown [./open/src/hotspot/share/interpreter/linkResolver.cpp, line 782]
Event: 4.735 Thread 0x000001ddf35c5230 Exception <a 'java/lang/ArrayIndexOutOfBoundsException'{0x0000000710c9cc90}: Index 3 out of bounds for length 3> (0x0000000710c9cc90) 
thrown [./open/src/hotspot/share/interpreter/interpreterRuntime.cpp, line 443]
Event: 5482.526 Thread 0x000001ddffca7da0 Exception <a 'java/lang/LinkageError'{0x0000000710d02878}> (0x0000000710d02878) 
thrown [./open/src/hotspot/share/oops/generateOopMap.cpp, line 2137]

Events (20 events):
Event: 5457.886 Executing VM operation: RedefineClasses
Event: 5457.891 Executing VM operation: RedefineClasses done
Event: 5457.893 Executing VM operation: ChangeBreakpoints
Event: 5457.894 Executing VM operation: ChangeBreakpoints done
Event: 5457.895 Executing VM operation: GetFrameCount
Event: 5457.895 Executing VM operation: GetFrameCount done
Event: 5457.895 Executing VM operation: GetStackTrace
Event: 5457.895 Executing VM operation: GetStackTrace done
Event: 5458.047 Executing VM operation: GetFrameCount
Event: 5458.047 Executing VM operation: GetFrameCount done
Event: 5472.160 Executing VM operation: RedefineClasses
Event: 5472.162 Executing VM operation: RedefineClasses done
Event: 5472.165 Executing VM operation: ChangeBreakpoints
Event: 5472.165 Executing VM operation: ChangeBreakpoints done
Event: 5472.166 Executing VM operation: GetFrameCount
Event: 5472.166 Executing VM operation: GetFrameCount done
Event: 5472.166 Executing VM operation: GetStackTrace
Event: 5472.166 Executing VM operation: GetStackTrace done
Event: 5472.319 Executing VM operation: GetFrameCount
Event: 5472.319 Executing VM operation: GetFrameCount done


Dynamic libraries:
0x00007ff7b0cc0000 - 0x00007ff7b0ccd000 	C:\Users\zhu\.p2\pool\plugins\org.eclipse.justj.openjdk.hotspot.jre.full.win32.x86_64_15.0.1.v20201027-0507\jre\bin\javaw.exe
0x00007ffb4d760000 - 0x00007ffb4d950000 	C:\Windows\SYSTEM32\ntdll.dll
0x00007ffb4bef0000 - 0x00007ffb4bfa2000 	C:\Windows\System32\KERNEL32.DLL
0x00007ffb4a6d0000 - 0x00007ffb4a975000 	C:\Windows\System32\KERNELBASE.dll
0x00007ffb4ada0000 - 0x00007ffb4ae9a000 	C:\Windows\System32\ucrtbase.dll
0x00007ffb40a50000 - 0x00007ffb40a68000 	C:\Users\zhu\.p2\pool\plugins\org.eclipse.justj.openjdk.hotspot.jre.full.win32.x86_64_15.0.1.v20201027-0507\jre\bin\jli.dll
0x00007ffb3fd70000 - 0x00007ffb3fd89000 	C:\Users\zhu\.p2\pool\plugins\org.eclipse.justj.openjdk.hotspot.jre.full.win32.x86_64_15.0.1.v20201027-0507\jre\bin\VCRUNTIME140.dll
0x00007ffb4c3f0000 - 0x00007ffb4c584000 	C:\Windows\System32\USER32.dll
0x00007ffb4aef0000 - 0x00007ffb4af11000 	C:\Windows\System32\win32u.dll
0x00007ffb3dac0000 - 0x00007ffb3dd44000 	C:\Windows\WinSxS\amd64_microsoft.windows.common-controls_6595b64144ccf1df_6.0.18362.1440_none_9e7dbfb9e45e8e67\COMCTL32.dll
0x00007ffb4d3b0000 - 0x00007ffb4d3d6000 	C:\Windows\System32\GDI32.dll
0x00007ffb4bb20000 - 0x00007ffb4bbbe000 	C:\Windows\System32\msvcrt.dll
0x00007ffb4aa70000 - 0x00007ffb4ac08000 	C:\Windows\System32\gdi32full.dll
0x00007ffb4d3e0000 - 0x00007ffb4d716000 	C:\Windows\System32\combase.dll
0x00007ffb4af20000 - 0x00007ffb4afbe000 	C:\Windows\System32\msvcp_win.dll
0x00007ffb4bbf0000 - 0x00007ffb4bd0f000 	C:\Windows\System32\RPCRT4.dll
0x00007ffb4a980000 - 0x00007ffb4aa01000 	C:\Windows\System32\bcryptPrimitives.dll
0x00007ffb4bbc0000 - 0x00007ffb4bbee000 	C:\Windows\System32\IMM32.DLL
0x00007ffb48710000 - 0x00007ffb4871c000 	C:\Users\zhu\.p2\pool\plugins\org.eclipse.justj.openjdk.hotspot.jre.full.win32.x86_64_15.0.1.v20201027-0507\jre\bin\vcruntime140_1.dll
0x00007ffb35570000 - 0x00007ffb35601000 	C:\Users\zhu\.p2\pool\plugins\org.eclipse.justj.openjdk.hotspot.jre.full.win32.x86_64_15.0.1.v20201027-0507\jre\bin\msvcp140.dll
0x00007ffac5c60000 - 0x00007ffac67be000 	C:\Users\zhu\.p2\pool\plugins\org.eclipse.justj.openjdk.hotspot.jre.full.win32.x86_64_15.0.1.v20201027-0507\jre\bin\server\jvm.dll
0x00007ffb4b920000 - 0x00007ffb4b9c3000 	C:\Windows\System32\ADVAPI32.dll
0x00007ffb4d100000 - 0x00007ffb4d197000 	C:\Windows\System32\sechost.dll
0x00007ffb4b910000 - 0x00007ffb4b918000 	C:\Windows\System32\PSAPI.DLL
0x00007ffb46090000 - 0x00007ffb460b4000 	C:\Windows\SYSTEM32\WINMM.dll
0x00007ffb2ad90000 - 0x00007ffb2ad99000 	C:\Windows\SYSTEM32\WSOCK32.dll
0x00007ffb452e0000 - 0x00007ffb452ea000 	C:\Windows\SYSTEM32\VERSION.dll
0x00007ffb4bdc0000 - 0x00007ffb4be2f000 	C:\Windows\System32\WS2_32.dll
0x00007ffb46050000 - 0x00007ffb4607d000 	C:\Windows\SYSTEM32\winmmbase.dll
0x00007ffb4aea0000 - 0x00007ffb4aeea000 	C:\Windows\System32\cfgmgr32.dll
0x00007ffb4a690000 - 0x00007ffb4a6a1000 	C:\Windows\System32\kernel.appcore.dll
0x00007ffb48720000 - 0x00007ffb4872a000 	C:\Users\zhu\.p2\pool\plugins\org.eclipse.justj.openjdk.hotspot.jre.full.win32.x86_64_15.0.1.v20201027-0507\jre\bin\jimage.dll
0x00007ffb41f50000 - 0x00007ffb42144000 	C:\Windows\SYSTEM32\DBGHELP.DLL
0x00007ffb2af30000 - 0x00007ffb2af5a000 	C:\Windows\SYSTEM32\dbgcore.DLL
0x00007ffb37530000 - 0x00007ffb37569000 	C:\Users\zhu\.p2\pool\plugins\org.eclipse.justj.openjdk.hotspot.jre.full.win32.x86_64_15.0.1.v20201027-0507\jre\bin\jdwp.dll
0x00007ffb41bf0000 - 0x00007ffb41bfe000 	C:\Users\zhu\.p2\pool\plugins\org.eclipse.justj.openjdk.hotspot.jre.full.win32.x86_64_15.0.1.v20201027-0507\jre\bin\instrument.dll
0x00007ffb41bc0000 - 0x00007ffb41be5000 	C:\Users\zhu\.p2\pool\plugins\org.eclipse.justj.openjdk.hotspot.jre.full.win32.x86_64_15.0.1.v20201027-0507\jre\bin\java.dll
0x00007ffb41ba0000 - 0x00007ffb41bb8000 	C:\Users\zhu\.p2\pool\plugins\org.eclipse.justj.openjdk.hotspot.jre.full.win32.x86_64_15.0.1.v20201027-0507\jre\bin\zip.dll
0x00007ffb4c590000 - 0x00007ffb4cc78000 	C:\Windows\System32\SHELL32.dll
0x00007ffb4bd10000 - 0x00007ffb4bdb7000 	C:\Windows\System32\shcore.dll
0x00007ffb4b070000 - 0x00007ffb4b7eb000 	C:\Windows\System32\windows.storage.dll
0x00007ffb4a6b0000 - 0x00007ffb4a6ce000 	C:\Windows\System32\profapi.dll
0x00007ffb4a640000 - 0x00007ffb4a68a000 	C:\Windows\System32\powrprof.dll
0x00007ffb4a610000 - 0x00007ffb4a620000 	C:\Windows\System32\UMPDC.dll
0x00007ffb4b830000 - 0x00007ffb4b882000 	C:\Windows\System32\shlwapi.dll
0x00007ffb4b7f0000 - 0x00007ffb4b807000 	C:\Windows\System32\cryptsp.dll
0x00007ffb40ad0000 - 0x00007ffb40adb000 	C:\Users\zhu\.p2\pool\plugins\org.eclipse.justj.openjdk.hotspot.jre.full.win32.x86_64_15.0.1.v20201027-0507\jre\bin\dt_socket.dll
0x00007ffb49b60000 - 0x00007ffb49b9a000 	C:\Windows\SYSTEM32\IPHLPAPI.DLL
0x00007ffb49e50000 - 0x00007ffb49eb7000 	C:\Windows\system32\mswsock.dll
0x00007ffb49ba0000 - 0x00007ffb49c6b000 	C:\Windows\SYSTEM32\DNSAPI.dll
0x00007ffb4cc80000 - 0x00007ffb4cc88000 	C:\Windows\System32\NSI.dll
0x0000000065550000 - 0x0000000065576000 	C:\Program Files\Bonjour\mdnsNSP.dll
0x00007ffb43490000 - 0x00007ffb4349a000 	C:\Windows\System32\rasadhlp.dll
0x00007ffb44870000 - 0x00007ffb448e7000 	C:\Windows\System32\fwpuclnt.dll
0x00007ffb4ad70000 - 0x00007ffb4ad96000 	C:\Windows\System32\bcrypt.dll
0x00007ffb41b80000 - 0x00007ffb41b99000 	C:\Users\zhu\.p2\pool\plugins\org.eclipse.justj.openjdk.hotspot.jre.full.win32.x86_64_15.0.1.v20201027-0507\jre\bin\net.dll
0x00007ffb43570000 - 0x00007ffb4366a000 	C:\Windows\SYSTEM32\WINHTTP.dll
0x00007ffb41b60000 - 0x00007ffb41b72000 	C:\Users\zhu\.p2\pool\plugins\org.eclipse.justj.openjdk.hotspot.jre.full.win32.x86_64_15.0.1.v20201027-0507\jre\bin\nio.dll
0x00007ffb41cc0000 - 0x00007ffb41cd0000 	C:\Users\zhu\.p2\pool\plugins\org.eclipse.justj.openjdk.hotspot.jre.full.win32.x86_64_15.0.1.v20201027-0507\jre\bin\verify.dll

dbghelp: loaded successfully - version: 4.0.5 - missing functions: none
symbol engine: initialized successfully - sym options: 0x614 - pdb path: .;C:\Users\zhu\.p2\pool\plugins\org.eclipse.justj.openjdk.hotspot.jre.full.win32.x86_64_15.0.1.v20201027-0507\jre\bin;C:\Windows\SYSTEM32;C:\Windows\WinSxS\amd64_microsoft.windows.common-controls_6595b64144ccf1df_6.0.18362.1440_none_9e7dbfb9e45e8e67;C:\Users\zhu\.p2\pool\plugins\org.eclipse.justj.openjdk.hotspot.jre.full.win32.x86_64_15.0.1.v20201027-0507\jre\bin\server;C:\Program Files\Bonjour

VM Arguments:
jvm_args: -XX:+ShowCodeDetailsInExceptionMessages -agentlib:jdwp=transport=dt_socket,suspend=y,address=localhost:60793 -javaagent:C:\Users\zhu\eclipse\java-2020-09\eclipse\configuration\org.eclipse.osgi\215\0\.cp\lib\javaagent-shaded.jar -Dfile.encoding=MS950 
java_command: work.ConsoleDrawing
java_class_path (initial): C:\Users\zhu\eclipse-workspace\DFwork\bin
Launcher Type: SUN_STANDARD

[Global flags]
     intx CICompilerCount                          = 4                                         {product} {ergonomic}
     uint ConcGCThreads                            = 3                                         {product} {ergonomic}
     uint G1ConcRefinementThreads                  = 10                                        {product} {ergonomic}
   size_t G1HeapRegionSize                         = 2097152                                   {product} {ergonomic}
    uintx GCDrainStackTargetSize                   = 64                                        {product} {ergonomic}
   size_t InitialHeapSize                          = 268435456                                 {product} {ergonomic}
   size_t MarkStackSize                            = 4194304                                   {product} {ergonomic}
   size_t MaxHeapSize                              = 4273995776                                {product} {ergonomic}
   size_t MaxNewSize                               = 2562719744                                {product} {ergonomic}
   size_t MinHeapDeltaBytes                        = 2097152                                   {product} {ergonomic}
   size_t MinHeapSize                              = 8388608                                   {product} {ergonomic}
    uintx NonNMethodCodeHeapSize                   = 5839372                                {pd product} {ergonomic}
    uintx NonProfiledCodeHeapSize                  = 122909434                              {pd product} {ergonomic}
    uintx ProfiledCodeHeapSize                     = 122909434                              {pd product} {ergonomic}
    uintx ReservedCodeCacheSize                    = 251658240                              {pd product} {ergonomic}
     bool SegmentedCodeCache                       = true                                      {product} {ergonomic}
     bool ShowCodeDetailsInExceptionMessages       = true                                   {manageable} {command line}
   size_t SoftMaxHeapSize                          = 4273995776                             {manageable} {ergonomic}
     bool UseCompressedClassPointers               = true                                 {lp64_product} {ergonomic}
     bool UseCompressedOops                        = true                                 {lp64_product} {ergonomic}
     bool UseG1GC                                  = true                                      {product} {ergonomic}
     bool UseLargePagesIndividualAllocation        = false                                  {pd product} {ergonomic}

Logging:
Log output configuration:
 #0: stdout all=warning uptime,level,tags
 #1: stderr all=off uptime,level,tags

Environment Variables:
PATH=C:\Users\zhu\.p2\pool\plugins\org.eclipse.justj.openjdk.hotspot.jre.full.win32.x86_64_15.0.1.v20201027-0507\jre\bin;C:/Users/zhu/.p2/pool/plugins/org.eclipse.justj.openjdk.hotspot.jre.full.win32.x86_64_15.0.1.v20201027-0507/jre/bin/server;C:/Users/zhu/.p2/pool/plugins/org.eclipse.justj.openjdk.hotspot.jre.full.win32.x86_64_15.0.1.v20201027-0507/jre/bin;C:\Program Files (x86)\NVIDIA Corporation\PhysX\Common;C:\Program Files (x86)\Razer Chroma SDK\bin;C:\Program Files\Razer Chroma SDK\bin;C:\Program Files (x86)\Razer\ChromaBroadcast\bin;C:\Program Files\Razer\ChromaBroadcast\bin;C:\Program Files (x86)\Common Files\Oracle\Java\javapath;C:\Windows\system32;C:\Windows;C:\Windows\System32\Wbem;C:\Windows\System32\WindowsPowerShell\v1.0\;C:\Windows\System32\OpenSSH\;C:\Program Files\Common Files\Autodesk Shared\;C:\Program Files (x86)\Autodesk\Backburner\;C:\Windows\system32\config\systemprofile\AppData\Local\Microsoft\WindowsApps;C:\Program Files\Microsoft SQL Server\Client SDK\ODBC\110\Tools\Binn\;C:\Program Files (x86)\Microsoft SQL Server\120\Tools\Binn\;C:\Program Files\Microsoft SQL Server\120\Tools\Binn\;C:\Program Files\Microsoft SQL Server\120\DTS\Binn\;C:\Program Files (x86)\Windows Kits\8.1\Windows Performance Toolkit\;C:\Program Files\NVIDIA Corporation\NVIDIA NvDLISR;C:\Program Files\MySQL\MySQL Shell 8.0\bin\;C:\Users\zhu\AppData\Local\Microsoft\WindowsApps;;C:\Users\zhu\Desktop;
USERNAME=zhu
OS=Windows_NT
PROCESSOR_IDENTIFIER=AMD64 Family 23 Model 113 Stepping 0, AuthenticAMD



---------------  S Y S T E M  ---------------

OS:
 Windows 10 , 64 bit Build 18362 (10.0.18362.1350)
OS uptime: 7 days 4:31 hours

CPU: total 12 (initial active 12) (12 cores per cpu, 2 threads per core) family 23 model 113 stepping 0 microcode 0x0, cmov, cx8, fxsr, mmx, sse, sse2, sse3, ssse3, sse4.1, sse4.2, popcnt, vzeroupper, avx, avx2, aes, clmul, 3dnowpref, lzcnt, sse4a, ht, tsc, tscinvbit, tscinv, bmi1, bmi2, adx, sha, fma, clflush, clflushopt

Memory: 4k page, system-wide physical 16299M (7815M free)
TotalPageFile size 19499M (AvailPageFile size 2078M)
current process WorkingSet (physical memory assigned to process): 38M, peak: 50M
current process commit charge ("private bytes"): 349M, peak: 351M

vm_info: OpenJDK 64-Bit Server VM (15.0.1+9-18) for windows-amd64 JRE (15.0.1+9-18), built on Sep 15 2020 14:39:31 by "mach5one" with unknown MS VC++:1925

END.
